2020-12-22 18:22:15,937 INFO com.capgemini.training.app.SpringDataJpaAppApplication [restartedMain] Starting SpringDataJpaAppApplication on DESKTOP-B8FF4R1 with PID 22912 (F:\Corporate Training\KLS\Spring 5\Spring Data\spring-data-jpa-app\target\classes started by Admin in F:\Corporate Training\KLS\Spring 5\Spring Data\spring-data-jpa-app)
2020-12-22 18:22:15,952 INFO com.capgemini.training.app.SpringDataJpaAppApplication [restartedMain] No active profile set, falling back to default profiles: default
2020-12-22 18:22:16,156 INFO org.springframework.boot.devtools.env.DevToolsPropertyDefaultsPostProcessor [restartedMain] Devtools property defaults active! Set 'spring.devtools.add-properties' to 'false' to disable
2020-12-22 18:22:16,157 INFO org.springframework.boot.devtools.env.DevToolsPropertyDefaultsPostProcessor [restartedMain] For additional web related logging consider setting the 'logging.level.web' property to 'DEBUG'
2020-12-22 18:22:17,720 INFO org.springframework.data.repository.config.RepositoryConfigurationDelegate [restartedMain] Bootstrapping Spring Data JPA repositories in DEFAULT mode.
2020-12-22 18:22:17,783 INFO org.springframework.data.repository.config.RepositoryConfigurationDelegate [restartedMain] Finished Spring Data repository scanning in 53ms. Found 1 JPA repository interfaces.
2020-12-22 18:22:20,150 INFO org.springframework.boot.web.embedded.tomcat.TomcatWebServer [restartedMain] Tomcat initialized with port(s): 8081 (http)
2020-12-22 18:22:20,168 INFO org.apache.coyote.http11.Http11NioProtocol [restartedMain] Initializing ProtocolHandler ["http-nio-8081"]
2020-12-22 18:22:20,169 INFO org.apache.catalina.core.StandardService [restartedMain] Starting service [Tomcat]
2020-12-22 18:22:20,170 INFO org.apache.catalina.core.StandardEngine [restartedMain] Starting Servlet engine: [Apache Tomcat/9.0.38]
2020-12-22 18:22:20,176 INFO org.apache.catalina.core.AprLifecycleListener [restartedMain] Loaded Apache Tomcat Native library [1.2.25] using APR version [1.7.0].
2020-12-22 18:22:20,176 INFO org.apache.catalina.core.AprLifecycleListener [restartedMain] APR capabilities: IPv6 [true], sendfile [true], accept filters [false], random [true].
2020-12-22 18:22:20,176 INFO org.apache.catalina.core.AprLifecycleListener [restartedMain] APR/OpenSSL configuration: useAprConnector [false], useOpenSSL [true]
2020-12-22 18:22:20,200 INFO org.apache.catalina.core.AprLifecycleListener [restartedMain] OpenSSL successfully initialized [OpenSSL 1.1.1g  21 Apr 2020]
2020-12-22 18:22:20,385 INFO org.apache.catalina.core.ContainerBase.[Tomcat].[localhost].[/springfox] [restartedMain] Initializing Spring embedded WebApplicationContext
2020-12-22 18:22:20,385 INFO org.springframework.boot.web.servlet.context.ServletWebServerApplicationContext [restartedMain] Root WebApplicationContext: initialization completed in 4227 ms
2020-12-22 18:22:21,029 INFO org.hibernate.jpa.internal.util.LogHelper [restartedMain] HHH000204: Processing PersistenceUnitInfo [name: default]
2020-12-22 18:22:21,115 INFO org.hibernate.Version [restartedMain] HHH000412: Hibernate ORM core version 5.4.21.Final
2020-12-22 18:22:21,349 INFO org.hibernate.annotations.common.Version [restartedMain] HCANN000001: Hibernate Commons Annotations {5.1.0.Final}
2020-12-22 18:22:21,549 INFO com.zaxxer.hikari.HikariDataSource [restartedMain] HikariPool-1 - Starting...
2020-12-22 18:22:21,895 INFO com.zaxxer.hikari.HikariDataSource [restartedMain] HikariPool-1 - Start completed.
2020-12-22 18:22:21,937 INFO org.hibernate.dialect.Dialect [restartedMain] HHH000400: Using dialect: org.hibernate.dialect.PostgreSQL10Dialect
2020-12-22 18:22:23,498 INFO org.hibernate.engine.transaction.jta.platform.internal.JtaPlatformInitiator [restartedMain] HHH000490: Using JtaPlatform implementation: [org.hibernate.engine.transaction.jta.platform.internal.NoJtaPlatform]
2020-12-22 18:22:23,524 INFO org.springframework.orm.jpa.LocalContainerEntityManagerFactoryBean [restartedMain] Initialized JPA EntityManagerFactory for persistence unit 'default'
2020-12-22 18:22:23,557 INFO org.springframework.boot.devtools.autoconfigure.OptionalLiveReloadServer [restartedMain] LiveReload server is running on port 35729
2020-12-22 18:22:25,225 WARN org.springframework.boot.autoconfigure.orm.jpa.JpaBaseConfiguration$JpaWebConfiguration [restartedMain] spring.jpa.open-in-view is enabled by default. Therefore, database queries may be performed during view rendering. Explicitly configure spring.jpa.open-in-view to disable this warning
2020-12-22 18:22:25,523 INFO org.springframework.boot.actuate.endpoint.web.EndpointLinksResolver [restartedMain] Exposing 2 endpoint(s) beneath base path '/actuator'
2020-12-22 18:22:26,632 INFO org.apache.coyote.http11.Http11NioProtocol [restartedMain] Starting ProtocolHandler ["http-nio-8081"]
2020-12-22 18:22:26,688 INFO org.springframework.boot.web.embedded.tomcat.TomcatWebServer [restartedMain] Tomcat started on port(s): 8081 (http) with context path '/springfox'
2020-12-22 18:22:27,317 INFO com.capgemini.training.app.SpringDataJpaAppApplication [restartedMain] Started SpringDataJpaAppApplication in 11.932 seconds (JVM running for 13.095)
2020-12-22 18:25:17,564 INFO org.apache.catalina.core.ContainerBase.[Tomcat].[localhost].[/springfox] [http-nio-8081-exec-1] Initializing Spring DispatcherServlet 'dispatcherServlet'
2020-12-22 18:25:17,565 INFO org.springframework.web.servlet.DispatcherServlet [http-nio-8081-exec-1] Initializing Servlet 'dispatcherServlet'
2020-12-22 18:25:17,581 INFO org.springframework.web.servlet.DispatcherServlet [http-nio-8081-exec-1] Completed initialization in 16 ms
